0 info it worked if it ends with ok
1 verbose cli [ '/usr/local/bin/node',
1 verbose cli   '/usr/local/bin/npm',
1 verbose cli   'install',
1 verbose cli   '--ignore-scripts',
1 verbose cli   '@types/body-parser',
1 verbose cli   '--save-dev',
1 verbose cli   '--user-agent=typesInstaller/4.2.3' ]
2 info using npm@1.4.28
3 info using node@v0.10.32
4 verbose readDependencies using package.json deps
5 verbose cache add [ '@types/body-parser', null ]
6 verbose cache add name=undefined spec="@types/body-parser" args=["@types/body-parser",null]
7 verbose parsed url { protocol: null,
7 verbose parsed url   slashes: null,
7 verbose parsed url   auth: null,
7 verbose parsed url   host: null,
7 verbose parsed url   port: null,
7 verbose parsed url   hostname: null,
7 verbose parsed url   hash: null,
7 verbose parsed url   search: null,
7 verbose parsed url   query: null,
7 verbose parsed url   pathname: '@types/body-parser',
7 verbose parsed url   path: '@types/body-parser',
7 verbose parsed url   href: '@types/body-parser' }
8 verbose cache add name="" spec="types/body-parser" args=["","types/body-parser"]
9 verbose parsed url { protocol: null,
9 verbose parsed url   slashes: null,
9 verbose parsed url   auth: null,
9 verbose parsed url   host: null,
9 verbose parsed url   port: null,
9 verbose parsed url   hostname: null,
9 verbose parsed url   hash: null,
9 verbose parsed url   search: null,
9 verbose parsed url   query: null,
9 verbose parsed url   pathname: 'types/body-parser',
9 verbose parsed url   path: 'types/body-parser',
9 verbose parsed url   href: 'types/body-parser' }
10 silly lockFile b0f65d70-types-body-parser types/body-parser
11 verbose lock types/body-parser /home/jean/.npm/b0f65d70-types-body-parser.lock
12 info maybeGithub Attempting types/body-parser from git://github.com/types/body-parser
13 silly lockFile 44c1b28b-git-github-com-types-body-parser git://github.com/types/body-parser
14 verbose lock git://github.com/types/body-parser /home/jean/.npm/44c1b28b-git-github-com-types-body-parser.lock
15 verbose addRemoteGit [ 'git://github.com/types/body-parser', 'master' ]
16 warn `git config --get remote.origin.url` returned wrong result (git://github.com/types/body-parser)
17 verbose git clone git://github.com/types/body-parser Cloning into bare repository '/home/jean/.npm/_git-remotes/git-github-com-types-body-parser-44c1b28b'...
17 verbose git clone git://github.com/types/body-parser fatal: remote error:
17 verbose git clone git://github.com/types/body-parser   Repository not found.
18 silly lockFile 44c1b28b-git-github-com-types-body-parser git://github.com/types/body-parser
19 silly lockFile 44c1b28b-git-github-com-types-body-parser git://github.com/types/body-parser
20 info maybeGithub Attempting types/body-parser from git+ssh://git@github.com:types/body-parser
21 silly lockFile 0381cdd5-git-github-com-types-body-parser git@github.com:types/body-parser
22 verbose lock git@github.com:types/body-parser /home/jean/.npm/0381cdd5-git-github-com-types-body-parser.lock
23 verbose addRemoteGit [ 'git@github.com:types/body-parser', 'master' ]
24 warn `git config --get remote.origin.url` returned wrong result (git@github.com:types/body-parser)
25 error git clone git@github.com:types/body-parser Cloning into bare repository '/home/jean/.npm/_git-remotes/git-github-com-types-body-parser-0381cdd5'...
25 error git clone git@github.com:types/body-parser git@github.com: Permission denied (publickey).
25 error git clone git@github.com:types/body-parser fatal: Could not read from remote repository.
25 error git clone git@github.com:types/body-parser
25 error git clone git@github.com:types/body-parser Please make sure you have the correct access rights
25 error git clone git@github.com:types/body-parser and the repository exists.
26 silly lockFile 0381cdd5-git-github-com-types-body-parser git@github.com:types/body-parser
27 silly lockFile 0381cdd5-git-github-com-types-body-parser git@github.com:types/body-parser
28 silly lockFile b0f65d70-types-body-parser types/body-parser
29 silly lockFile b0f65d70-types-body-parser types/body-parser
30 error addLocal Could not install types/body-parser
31 error Error: ENOENT, stat 'types/body-parser'
32 error If you need help, you may report this *entire* log,
32 error including the npm and node versions, at:
32 error     <http://github.com/npm/npm/issues>
33 error System Linux 5.8.0-50-generic
34 error command "/usr/local/bin/node" "/usr/local/bin/npm" "install" "--ignore-scripts" "@types/body-parser" "--save-dev" "--user-agent=typesInstaller/4.2.3"
35 error cwd /home/jean/Desktop/t3-Hunt_Alavarez_Martinez
36 error node -v v0.10.32
37 error npm -v 1.4.28
38 error path types/body-parser
39 error code ENOENT
40 error errno 34
41 verbose exit [ 34, true ]
